[INFO] 2025-07-17 00:51:28,653 django.utils.autoreload: Watching for file changes with StatReloader
[INFO] 2025-07-17 00:51:39,691 django.server: "GET / HTTP/1.1" 200 12068
[INFO] 2025-07-17 00:52:12,570 django.utils.autoreload: D:\OMNIFY_BOOKING\fitness_booking\fitness_booking\urls.py changed, reloading.
[INFO] 2025-07-17 00:52:13,090 django.utils.autoreload: Watching for file changes with StatReloader
[WARNING] 2025-07-17 00:52:16,974 django.request: Not Found: /
[WARNING] 2025-07-17 00:52:16,975 django.server: "GET / HTTP/1.1" 404 2313
[INFO] 2025-07-17 00:52:39,400 django.utils.autoreload: D:\OMNIFY_BOOKING\fitness_booking\fitness_booking\urls.py changed, reloading.
[INFO] 2025-07-17 00:52:40,029 django.utils.autoreload: Watching for file changes with StatReloader
[INFO] 2025-07-17 00:52:42,459 django.utils.autoreload: D:\OMNIFY_BOOKING\fitness_booking\fitness_booking\urls.py changed, reloading.
[INFO] 2025-07-17 00:52:43,056 django.utils.autoreload: Watching for file changes with StatReloader
[INFO] 2025-07-17 00:52:44,462 django.utils.autoreload: D:\OMNIFY_BOOKING\fitness_booking\fitness_booking\urls.py changed, reloading.
[INFO] 2025-07-17 00:52:45,025 django.utils.autoreload: Watching for file changes with StatReloader
[INFO] 2025-07-17 00:52:49,509 django.utils.autoreload: D:\OMNIFY_BOOKING\fitness_booking\fitness_booking\urls.py changed, reloading.
[INFO] 2025-07-17 00:52:50,187 django.utils.autoreload: Watching for file changes with StatReloader
[INFO] 2025-07-17 00:52:52,537 django.utils.autoreload: D:\OMNIFY_BOOKING\fitness_booking\fitness_booking\urls.py changed, reloading.
[INFO] 2025-07-17 00:52:53,102 django.utils.autoreload: Watching for file changes with StatReloader
[INFO] 2025-07-17 00:53:05,875 django.utils.autoreload: D:\OMNIFY_BOOKING\fitness_booking\fitness_booking\urls.py changed, reloading.
[INFO] 2025-07-17 00:53:06,451 django.utils.autoreload: Watching for file changes with StatReloader
[INFO] 2025-07-17 00:53:10,876 django.utils.autoreload: D:\OMNIFY_BOOKING\fitness_booking\fitness_booking\urls.py changed, reloading.
[INFO] 2025-07-17 00:53:11,382 django.utils.autoreload: Watching for file changes with StatReloader
[WARNING] 2025-07-17 00:53:13,171 django.request: Not Found: /
[WARNING] 2025-07-17 00:53:13,171 django.server: "GET / HTTP/1.1" 404 2660
[INFO] 2025-07-17 00:53:16,102 django.server: "GET /swagger/ HTTP/1.1" 200 2222
[INFO] 2025-07-17 00:53:16,209 django.server: "GET /static/drf-yasg/style.css HTTP/1.1" 200 1047
[INFO] 2025-07-17 00:53:16,260 django.server: "GET /static/drf-yasg/swagger-ui-dist/swagger-ui.css HTTP/1.1" 200 145206
[INFO] 2025-07-17 00:53:16,319 django.server: "GET /static/drf-yasg/insQ.min.js HTTP/1.1" 200 2093
[INFO] 2025-07-17 00:53:16,319 django.server: "GET /static/drf-yasg/swagger-ui-init.js HTTP/1.1" 200 15480
[INFO] 2025-07-17 00:53:16,330 django.server: "GET /static/drf-yasg/swagger-ui-dist/swagger-ui-bundle.js HTTP/1.1" 200 1046583
[INFO] 2025-07-17 00:53:16,331 django.server: "GET /static/drf-yasg/immutable.min.js HTTP/1.1" 200 56904
[INFO] 2025-07-17 00:53:16,392 django.server: "GET /static/drf-yasg/swagger-ui-dist/swagger-ui-standalone-preset.js HTTP/1.1" 200 322863
[INFO] 2025-07-17 00:53:16,492 django.server: "GET /swagger/?format=openapi HTTP/1.1" 200 965
[INFO] 2025-07-17 00:53:16,550 django.server: "GET /static/drf-yasg/swagger-ui-dist/favicon-32x32.png HTTP/1.1" 200 628
[INFO] 2025-07-17 00:55:01,304 django.utils.autoreload: D:\OMNIFY_BOOKING\fitness_booking\booking\models.py changed, reloading.
[INFO] 2025-07-17 00:55:02,156 django.utils.autoreload: Watching for file changes with StatReloader
[INFO] 2025-07-17 00:55:13,472 django.utils.autoreload: Watching for file changes with StatReloader
[INFO] 2025-07-17 00:55:19,815 django.utils.autoreload: D:\OMNIFY_BOOKING\fitness_booking\booking\models.py changed, reloading.
[INFO] 2025-07-17 00:55:20,317 django.utils.autoreload: Watching for file changes with StatReloader
[INFO] 2025-07-17 00:55:30,008 django.utils.autoreload: D:\OMNIFY_BOOKING\fitness_booking\booking\views.py changed, reloading.
[INFO] 2025-07-17 00:55:30,628 django.utils.autoreload: Watching for file changes with StatReloader
[INFO] 2025-07-17 00:55:32,869 django.server: "GET /swagger/ HTTP/1.1" 200 2222
[INFO] 2025-07-17 00:55:32,902 django.server: "GET /static/drf-yasg/style.css HTTP/1.1" 304 0
[INFO] 2025-07-17 00:55:32,909 django.server: "GET /static/drf-yasg/swagger-ui-dist/swagger-ui.css HTTP/1.1" 304 0
[INFO] 2025-07-17 00:55:32,909 django.server: "GET /static/drf-yasg/swagger-ui-dist/swagger-ui-bundle.js HTTP/1.1" 304 0
[INFO] 2025-07-17 00:55:32,909 django.server: "GET /static/drf-yasg/swagger-ui-dist/swagger-ui-standalone-preset.js HTTP/1.1" 304 0
[INFO] 2025-07-17 00:55:32,912 django.server: "GET /static/drf-yasg/insQ.min.js HTTP/1.1" 304 0
[INFO] 2025-07-17 00:55:32,912 django.server: "GET /static/drf-yasg/immutable.min.js HTTP/1.1" 304 0
[INFO] 2025-07-17 00:55:32,913 django.server: "GET /static/drf-yasg/swagger-ui-init.js HTTP/1.1" 304 0
[INFO] 2025-07-17 00:55:32,993 django.server: "GET /swagger/?format=openapi HTTP/1.1" 200 3206
[INFO] 2025-07-17 00:55:42,642 booking: GET /classes called
[INFO] 2025-07-17 00:55:42,642 django.server: "GET /api/classes/ HTTP/1.1" 200 2
[INFO] 2025-07-17 00:57:47,746 django.utils.autoreload: D:\OMNIFY_BOOKING\fitness_booking\booking\views.py changed, reloading.
[INFO] 2025-07-17 00:57:48,534 django.utils.autoreload: Watching for file changes with StatReloader
[INFO] 2025-07-17 00:57:50,541 django.server: "GET /swagger/ HTTP/1.1" 200 2222
[INFO] 2025-07-17 00:57:50,599 django.server: "GET /static/drf-yasg/style.css HTTP/1.1" 304 0
[INFO] 2025-07-17 00:57:50,608 django.server: "GET /static/drf-yasg/swagger-ui-dist/swagger-ui-bundle.js HTTP/1.1" 304 0
[INFO] 2025-07-17 00:57:50,608 django.server: "GET /static/drf-yasg/swagger-ui-dist/swagger-ui.css HTTP/1.1" 304 0
[INFO] 2025-07-17 00:57:50,610 django.server: "GET /static/drf-yasg/swagger-ui-dist/swagger-ui-standalone-preset.js HTTP/1.1" 304 0
[INFO] 2025-07-17 00:57:50,611 django.server: "GET /static/drf-yasg/insQ.min.js HTTP/1.1" 304 0
[INFO] 2025-07-17 00:57:50,612 django.server: "GET /static/drf-yasg/immutable.min.js HTTP/1.1" 304 0
[INFO] 2025-07-17 00:57:50,612 django.server: "GET /static/drf-yasg/swagger-ui-init.js HTTP/1.1" 304 0
[INFO] 2025-07-17 00:57:50,723 django.server: "GET /swagger/?format=openapi HTTP/1.1" 200 3475
[INFO] 2025-07-17 00:57:50,724 django.server: "GET /static/drf-yasg/swagger-ui-dist/favicon-32x32.png HTTP/1.1" 304 0
[INFO] 2025-07-17 00:58:09,422 django.server: "GET /api/bookings/?email=akashsurendran1602%40gmail.com HTTP/1.1" 200 2
[INFO] 2025-07-17 00:58:23,241 booking: GET /classes called
[INFO] 2025-07-17 00:58:23,243 django.server: "GET /api/classes/?timezone=Asia%2FKolkata HTTP/1.1" 200 2
[INFO] 2025-07-17 01:00:20,719 django.utils.autoreload: D:\OMNIFY_BOOKING\fitness_booking\booking\views.py changed, reloading.
[INFO] 2025-07-17 01:00:21,405 django.utils.autoreload: Watching for file changes with StatReloader
[INFO] 2025-07-17 01:00:23,843 django.server: "GET /swagger/ HTTP/1.1" 200 2222
[INFO] 2025-07-17 01:00:23,880 django.server: "GET /static/drf-yasg/style.css HTTP/1.1" 304 0
[INFO] 2025-07-17 01:00:23,885 django.server: "GET /static/drf-yasg/swagger-ui-dist/swagger-ui-bundle.js HTTP/1.1" 304 0
[INFO] 2025-07-17 01:00:23,885 django.server: "GET /static/drf-yasg/swagger-ui-dist/swagger-ui.css HTTP/1.1" 304 0
[INFO] 2025-07-17 01:00:23,885 django.server: "GET /static/drf-yasg/swagger-ui-dist/swagger-ui-standalone-preset.js HTTP/1.1" 304 0
[INFO] 2025-07-17 01:00:23,889 django.server: "GET /static/drf-yasg/insQ.min.js HTTP/1.1" 304 0
[INFO] 2025-07-17 01:00:23,891 django.server: "GET /static/drf-yasg/immutable.min.js HTTP/1.1" 304 0
[INFO] 2025-07-17 01:00:23,892 django.server: "GET /static/drf-yasg/swagger-ui-init.js HTTP/1.1" 304 0
[INFO] 2025-07-17 01:00:23,991 django.server: "GET /swagger/?format=openapi HTTP/1.1" 200 3382
[INFO] 2025-07-17 01:00:23,992 django.server: "GET /static/drf-yasg/swagger-ui-dist/favicon-32x32.png HTTP/1.1" 304 0
[INFO] 2025-07-17 01:03:39,437 django.utils.autoreload: Watching for file changes with StatReloader
[WARNING] 2025-07-17 01:06:41,479 django.request: Bad Request: /api/book/
[INFO] 2025-07-17 01:06:41,519 booking: Fetching upcoming fitness classes
[WARNING] 2025-07-17 01:06:41,523 django.request: Bad Request: /api/bookings/
